<?xml version="1.0" encoding="UTF-8"?>
<testng-results ignored="0" total="4" passed="4" failed="0" skipped="0">
  <reporter-output>
  </reporter-output>
  <suite started-at="2024-12-06T03:46:24 IST" name="Default suite" finished-at="2024-12-06T03:46:40 IST" duration-ms="15951">
    <groups>
    </groups>
    <test started-at="2024-12-06T03:46:24 IST" name="Default test" finished-at="2024-12-06T03:46:40 IST" duration-ms="15951">
      <class name="APIAssignment.Assignment3UsingOAuth2">
        <test-method signature="Oauth2Test()[pri:0, instance:APIAssignment.Assignment3UsingOAuth2@4ec4f3a0]" started-at="2024-12-06T03:46:24 IST" name="Oauth2Test" finished-at="2024-12-06T03:46:32 IST" duration-ms="8047" status="PASS">
          <reporter-output>
          </reporter-output>
        </test-method> <!-- Oauth2Test -->
        <test-method signature="testBasicAuthentication()[pri:1, instance:APIAssignment.Assignment3UsingOAuth2@4ec4f3a0]" started-at="2024-12-06T03:46:32 IST" name="testBasicAuthentication" finished-at="2024-12-06T03:46:34 IST" duration-ms="2170" status="PASS">
          <reporter-output>
          </reporter-output>
        </test-method> <!-- testBasicAuthentication -->
        <test-method signature="testDigestAuthentication()[pri:2, instance:APIAssignment.Assignment3UsingOAuth2@4ec4f3a0]" started-at="2024-12-06T03:46:34 IST" name="testDigestAuthentication" finished-at="2024-12-06T03:46:36 IST" duration-ms="2007" status="PASS">
          <reporter-output>
          </reporter-output>
        </test-method> <!-- testDigestAuthentication -->
        <test-method signature="testBearerToken()[pri:3, instance:APIAssignment.Assignment3UsingOAuth2@4ec4f3a0]" started-at="2024-12-06T03:46:36 IST" name="testBearerToken" finished-at="2024-12-06T03:46:40 IST" duration-ms="3648" status="PASS">
          <reporter-output>
          </reporter-output>
        </test-method> <!-- testBearerToken -->
      </class> <!-- APIAssignment.Assignment3UsingOAuth2 -->
    </test> <!-- Default test -->
  </suite> <!-- Default suite -->
</testng-results>
