<?xml version="1.0" encoding="UTF-8"?>
<testng-results ignored="0" total="1" passed="1" failed="0" skipped="0">
  <reporter-output>
  </reporter-output>
  <suite started-at="2024-12-16T21:12:19 IST" name="Default suite" finished-at="2024-12-16T21:12:35 IST" duration-ms="16140">
    <groups>
    </groups>
    <test started-at="2024-12-16T21:12:19 IST" name="Default test" finished-at="2024-12-16T21:12:35 IST" duration-ms="16140">
      <class name="Assignment.AssignmentNo3">
        <test-method signature="DragandDrop()[pri:0, instance:Assignment.AssignmentNo3@4f83df68]" started-at="2024-12-16T21:12:19 IST" name="DragandDrop" finished-at="2024-12-16T21:12:35 IST" duration-ms="16074" status="PASS">
          <reporter-output>
          </reporter-output>
        </test-method> <!-- DragandDrop -->
      </class> <!-- Assignment.AssignmentNo3 -->
    </test> <!-- Default test -->
  </suite> <!-- Default suite -->
</testng-results>
