<?xml version="1.0" encoding="UTF-8"?>
<!-- Generated by org.testng.reporters.JUnitXMLReporter -->
<testsuite ignored="0" hostname="Aanya" failures="0" tests="4" name="Default test" time="15.951" errors="0" timestamp="2024-12-06T03:46:40 IST">
  <testcase classname="APIAssignment.Assignment3UsingOAuth2" name="Oauth2Test" time="8.047"/>
  <testcase classname="APIAssignment.Assignment3UsingOAuth2" name="testBasicAuthentication" time="2.17"/>
  <testcase classname="APIAssignment.Assignment3UsingOAuth2" name="testDigestAuthentication" time="2.007"/>
  <testcase classname="APIAssignment.Assignment3UsingOAuth2" name="testBearerToken" time="3.648"/>
</testsuite> <!-- Default test -->
